<?xml version="1.0" encoding="UTF-8"?>
<testng-results ignored="0" total="1" passed="1" failed="0" skipped="0">
  <reporter-output>
  </reporter-output>
  <suite started-at="2023-05-22T09:53:21 IST" name="Default suite" finished-at="2023-05-22T09:53:23 IST" duration-ms="2756">
    <groups>
    </groups>
    <test started-at="2023-05-22T09:53:21 IST" name="Default test" finished-at="2023-05-22T09:53:23 IST" duration-ms="2756">
      <class name="restapi.exp6">
        <test-method signature="test_deleteUser()[pri:0, instance:restapi.exp6@18df8434]" started-at="2023-05-22T09:53:21 IST" name="test_deleteUser" finished-at="2023-05-22T09:53:23 IST" duration-ms="2695" status="PASS">
          <reporter-output>
          </reporter-output>
        </test-method> <!-- test_deleteUser -->
      </class> <!-- restapi.exp6 -->
    </test> <!-- Default test -->
  </suite> <!-- Default suite -->
</testng-results>
